<?xml version="1.0" encoding="UTF-8"?>
<!-- Generated by org.testng.reporters.JUnitReportReporter -->
<testsuite hostname="Vinod-PC" name="com.seleniumeasy.test.OpenBrowser" tests="3" failures="0" timestamp="4 Nov 2017 19:22:26 GMT" time="17.963" errors="0">
  <testcase name="openBrowser" time="5.988" classname="com.seleniumeasy.test.OpenBrowser"/>
  <testcase name="openBrowser" time="5.987" classname="com.seleniumeasy.test.OpenBrowser"/>
  <testcase name="openBrowser" time="5.988" classname="com.seleniumeasy.test.OpenBrowser"/>
</testsuite> <!-- com.seleniumeasy.test.OpenBrowser -->
